# JRE version: OpenJDK Runtime Environment (11.0.10) (build 11.0.10+0-b96-7249189)
# Java VM: OpenJDK 64-Bit Server VM (11.0.10+0-b96-7249189, mixed mode, tiered, compressed oops, g1 gc, windows-amd64)
Heap:
 garbage-first heap   total 299008K, used 232388K [0x0000000080000000, 0x0000000100000000)
  region size 1024K, 27 young (27648K), 4 survivors (4096K)
 Metaspace       used 150143K, capacity 154192K, committed 158208K, reserved 1185792K
  class space    used 18658K, capacity 20121K, committed 21248K, reserved 1048576K
GC Heap History (20 events):
Event: 9462.357 GC heap after
{Heap after GC invocations=203 (full 0):
 garbage-first heap   total 187392K, used 132477K [0x0000000080000000, 0x0000000100000000)
  region size 1024K, 3 young (3072K), 3 survivors (3072K)
 Metaspace       used 149904K, capacity 153985K, committed 158208K, reserved 1185792K
  class space    used 18657K, capacity 20121K, committed 21248K, reserved 1048576K
}
Event: 9463.038 GC heap before
{Heap before GC invocations=204 (full 0):
 garbage-first heap   total 187392K, used 166269K [0x0000000080000000, 0x0000000100000000)
  region size 1024K, 20 young (20480K), 3 survivors (3072K)
 Metaspace       used 149910K, capacity 153985K, committed 158208K, reserved 1185792K
  class space    used 18657K, capacity 20121K, committed 21248K, reserved 1048576K
}
Event: 9463.046 GC heap after
{Heap after GC invocations=205 (full 0):
 garbage-first heap   total 187392K, used 150669K [0x0000000080000000, 0x0000000100000000)
  region size 1024K, 3 young (3072K), 3 survivors (3072K)
 Metaspace       used 149910K, capacity 153985K, committed 158208K, reserved 1185792K
  class space    used 18657K, capacity 20121K, committed 21248K, reserved 1048576K
}
Event: 9463.065 GC heap before
{Heap before GC invocations=205 (full 0):
 garbage-first heap   total 187392K, used 155789K [0x0000000080000000, 0x0000000100000000)
  region size 1024K, 9 young (9216K), 3 survivors (3072K)
 Metaspace       used 149910K, capacity 153985K, committed 158208K, reserved 1185792K
  class space    used 18657K, capacity 20121K, committed 21248K, reserved 1048576K
}
Event: 9463.072 GC heap after
{Heap after GC invocations=206 (full 0):
 garbage-first heap   total 187392K, used 153658K [0x0000000080000000, 0x0000000100000000)
  region size 1024K, 2 young (2048K), 2 survivors (2048K)
 Metaspace       used 149910K, capacity 153985K, committed 158208K, reserved 1185792K
  class space    used 18657K, capacity 20121K, committed 21248K, reserved 1048576K
}
Event: 9463.088 GC heap before
{Heap before GC invocations=206 (full 0):
 garbage-first heap   total 187392K, used 159802K [0x0000000080000000, 0x0000000100000000)
  region size 1024K, 9 young (9216K), 2 survivors (2048K)
 Metaspace       used 149910K, capacity 153985K, committed 158208K, reserved 1185792K
  class space    used 18657K, capacity 20121K, committed 21248K, reserved 1048576K
}
Event: 9463.096 GC heap after
{Heap after GC invocations=207 (full 0):
 garbage-first heap   total 225280K, used 157130K [0x0000000080000000, 0x0000000100000000)
  region size 1024K, 2 young (2048K), 2 survivors (2048K)
 Metaspace       used 149910K, capacity 153985K, committed 158208K, reserved 1185792K
  class space    used 18657K, capacity 20121K, committed 21248K, reserved 1048576K
}
Event: 9463.198 GC heap before
{Heap before GC invocations=207 (full 0):
 garbage-first heap   total 225280K, used 176586K [0x0000000080000000, 0x0000000100000000)
  region size 1024K, 20 young (20480K), 2 survivors (2048K)
 Metaspace       used 149982K, capacity 154053K, committed 158208K, reserved 1185792K
  class space    used 18658K, capacity 20121K, committed 21248K, reserved 1048576K
}
Event: 9463.209 GC heap after
{Heap after GC invocations=208 (full 0):
 garbage-first heap   total 225280K, used 167102K [0x0000000080000000, 0x0000000100000000)
  region size 1024K, 3 young (3072K), 3 survivors (3072K)
 Metaspace       used 149982K, capacity 154053K, committed 158208K, reserved 1185792K
  class space    used 18658K, capacity 20121K, committed 21248K, reserved 1048576K
}
Event: 9463.274 GC heap before
{Heap before GC invocations=208 (full 0):
 garbage-first heap   total 225280K, used 180414K [0x0000000080000000, 0x0000000100000000)
  region size 1024K, 17 young (17408K), 3 survivors (3072K)
 Metaspace       used 150030K, capacity 154118K, committed 158208K, reserved 1185792K
  class space    used 18658K, capacity 20121K, committed 21248K, reserved 1048576K
}
Event: 9463.288 GC heap after
{Heap after GC invocations=209 (full 0):
 garbage-first heap   total 225280K, used 175360K [0x0000000080000000, 0x0000000100000000)
  region size 1024K, 3 young (3072K), 3 survivors (3072K)
 Metaspace       used 150030K, capacity 154118K, committed 158208K, reserved 1185792K
  class space    used 18658K, capacity 20121K, committed 21248K, reserved 1048576K
}
Event: 9463.329 GC heap before
{Heap before GC invocations=209 (full 0):
 garbage-first heap   total 225280K, used 186624K [0x0000000080000000, 0x0000000100000000)
  region size 1024K, 14 young (14336K), 3 survivors (3072K)
 Metaspace       used 150054K, capacity 154118K, committed 158208K, reserved 1185792K
  class space    used 18658K, capacity 20121K, committed 21248K, reserved 1048576K
}
Event: 9463.340 GC heap after
{Heap after GC invocations=210 (full 0):
 garbage-first heap   total 225280K, used 181933K [0x0000000080000000, 0x0000000100000000)
  region size 1024K, 2 young (2048K), 2 survivors (2048K)
 Metaspace       used 150054K, capacity 154118K, committed 158208K, reserved 1185792K
  class space    used 18658K, capacity 20121K, committed 21248K, reserved 1048576K
}
Event: 9463.367 GC heap before
{Heap before GC invocations=211 (full 0):
 garbage-first heap   total 225280K, used 191149K [0x0000000080000000, 0x0000000100000000)
  region size 1024K, 11 young (11264K), 2 survivors (2048K)
 Metaspace       used 150073K, capacity 154119K, committed 158208K, reserved 1185792K
  class space    used 18658K, capacity 20121K, committed 21248K, reserved 1048576K
}
Event: 9463.379 GC heap after
{Heap after GC invocations=212 (full 0):
 garbage-first heap   total 299008K, used 187090K [0x0000000080000000, 0x0000000100000000)
  region size 1024K, 2 young (2048K), 2 survivors (2048K)
 Metaspace       used 150073K, capacity 154119K, committed 158208K, reserved 1185792K
  class space    used 18658K, capacity 20121K, committed 21248K, reserved 1048576K
}
Event: 9463.408 GC heap before
{Heap before GC invocations=212 (full 0):
 garbage-first heap   total 299008K, used 199378K [0x0000000080000000, 0x0000000100000000)
  region size 1024K, 14 young (14336K), 2 survivors (2048K)
 Metaspace       used 150080K, capacity 154120K, committed 158208K, reserved 1185792K
  class space    used 18658K, capacity 20121K, committed 21248K, reserved 1048576K
}
Event: 9463.416 GC heap after
{Heap after GC invocations=213 (full 0):
 garbage-first heap   total 299008K, used 194060K [0x0000000080000000, 0x0000000100000000)
  region size 1024K, 2 young (2048K), 2 survivors (2048K)
 Metaspace       used 150080K, capacity 154120K, committed 158208K, reserved 1185792K
  class space    used 18658K, capacity 20121K, committed 21248K, reserved 1048576K
}
Event: 9463.493 GC heap before
{Heap before GC invocations=213 (full 0):
 garbage-first heap   total 299008K, used 220684K [0x0000000080000000, 0x0000000100000000)
  region size 1024K, 29 young (29696K), 2 survivors (2048K)
 Metaspace       used 150089K, capacity 154184K, committed 158208K, reserved 1185792K
  class space    used 18658K, capacity 20121K, committed 21248K, reserved 1048576K
}
Event: 9463.509 GC heap after
{Heap after GC invocations=214 (full 0):
 garbage-first heap   total 299008K, used 208836K [0x0000000080000000, 0x0000000100000000)
  region size 1024K, 4 young (4096K), 4 survivors (4096K)
 Metaspace       used 150089K, capacity 154184K, committed 158208K, reserved 1185792K
  class space    used 18658K, capacity 20121K, committed 21248K, reserved 1048576K
}
Event: 9463.680 GC heap before
{Heap before GC invocations=214 (full 0):
 garbage-first heap   total 299008K, used 232388K [0x0000000080000000, 0x0000000100000000)
  region size 1024K, 27 young (27648K), 4 survivors (4096K)
 Metaspace       used 150143K, capacity 154192K, committed 158208K, reserved 1185792K
  class space    used 18658K, capacity 20121K, committed 21248K, reserved 1048576K
}

